===========================================================================
         ________    _________   _______       __     _________            
        |        |\ |        |\ |       \\    |  |\  /         \\          
        |    ____|| |    ____|| |    __  ||   |__|| |    ___    ||         
        |   |\___\| |   |\___\| |   |\_| ||    \_\| |   //  \   ||         
        |   ||__    |   ||__    |   ||_| ||   |  |\ |  ||    |  ||         
        |       |\  |       |\  |         \\  |  || |  ||    |  ||         
        |    ___||  |    ___||  |    ___   || |  || |  ||    |  ||         
        |   |\__\|  |   |\__\|  |   |\__|  || |  || |  ||    |  ||         
        |   ||      |   ||___   |   ||__|  || |  || |   \\__/   ||         
        |   ||      |        |\ |          || |  || |           ||         
        |___||      |________|| |_________//  |__||  \_________//          
                                                                           
      F I N I T E   E L E M E N T S   F O R   B I O M E C H A N I C S      
                                                                           
  version 3.8.0
  FEBio is a registered trademark.                                         
  copyright (c) 2006-2021 - All rights reserved                            
                                                                           
===========================================================================


Setting parameter "SurfaceTraction1.scale" to : 0



 FILES USED
===========================================================================
	Input file : Model1.feb
	Plot file  : Model1.xplt
	Log file   : Model1.log


 MESH INFO
===========================================================================
	Number of materials ............................ : 1
	Number of domains .............................. : 1
	Number of nodes ................................ : 6171
	Number of solid elements ....................... : 30000


 CONTROL DATA
===========================================================================
	Module type .................................... : solid
	Analysis type .................................. : quasi-static
	Number of timesteps ............................ : 10
	Time step size ................................. : 0.1
	Auto time stepper activated .................... : yes
	  Optimal nr of iterations ..................... : 10
	  Minimum allowable step size .................. : 0.01
	  Maximum allowable step size .................. : 0.1
	Number of load controllers ..................... : 1


 SOLVER PARAMETERS
===========================================================================
	symmetric_stiffness ............................... : 1
	equation_scheme ................................... : 0
	equation_order .................................... : 0
	optimize_bw ....................................... : 0
	lstol ............................................. : 0.9
	lsmin ............................................. : 0.01
	lsiter ............................................ : 5
	max_refs .......................................... : 15
	check_zero_diagonal ............................... : false
	zero_diagonal_tol ................................. : 0
	force_partition ................................... : 0
	reform_each_time_step ............................. : true
	reform_augment .................................... : false
	diverge_reform .................................... : true
	do_reforms ........................................ : true
	etol .............................................. : 0.01
	rtol .............................................. : 0
	min_residual ...................................... : 1e-20
	max_residual ...................................... : 0
	qnmethod .......................................... : 0
	max_ups ........................................... : 10
	qn_max_buffer_size ................................ : 0
	qn_cycle_buffer ................................... : true
	cmax .............................................. : 100000
	dtol .............................................. : 0.001
	rhoi .............................................. : 0
	alpha ............................................. : 1
	beta .............................................. : 0.25
	gamma ............................................. : 0.5
	logSolve .......................................... : false
	arc_length ........................................ : 0
	arc_length_scale .................................. : 0


 OUTPUT DATA
===========================================================================
	plot level ................................ : major iterations
	plotfile format ........................... : FEBIO
		Nodal Variables:
			displacement         (type = vec3f, format = NODE)
		Domain Variables:
			nodal stress         (type = mat3fs, format = COMP)
			relative volume      (type = float, format = ITEM)
			stress               (type = mat3fs, format = ITEM)
			PK1 stress           (type = mat3f, format = ITEM)
			PK2 stress           (type = mat3fs, format = ITEM)


 MATERIAL DATA
===========================================================================
  1 - Material1 (type: neo-Hookean)
	mat_axis .......................................... : (can't display value)
	density ........................................... : 1
	secant_tangent .................................... : false
	secant_stress ..................................... : false
	E ................................................. : 10
	v ................................................. : 0.3


 BOUNDARY CONDITION DATA
===========================================================================
  1 -  Type: fix
	dofs .............................................. : 0, 1, 2


 SURFACE LOAD DATA
===========================================================================
  1 -  Type: traction
	scale ............................................. : 0
	traction .......................................... : 1, 0, 0
	shell_bottom ...................................... : false
	linear ............................................ : false


 LINEAR SOLVER DATA
===========================================================================
	Solver type ....................................... : pardiso
	Matrix format ..................................... : symmetric


===== beginning time step 1 : 0.1 =====

Setting parameter "SurfaceTraction1.scale" to : 0.1

Reforming stiffness matrix: reformation #1

===== reforming stiffness matrix:
	Nr of equations ........................... : 18150
	Nr of nonzeroes in stiffness matrix ....... : 374781
 1
 Nonlinear solution status: time= 0.1
	stiffness updates             = 0
	right hand side evaluations   = 2
	stiffness matrix reformations = 1
	step from line search         = 1.000000
	convergence norms :     INITIAL         CURRENT         REQUIRED
	   residual            9.027778e-05    1.797690e-08    0.000000e+00 
	   energy              4.963948e-03    7.874429e-06    4.963948e-05 
	   displacement        5.094840e+00    5.094840e+00    5.094840e-06 
 2
 Nonlinear solution status: time= 0.1
	stiffness updates             = 1
	right hand side evaluations   = 3
	stiffness matrix reformations = 1
	step from line search         = 1.000000
	convergence norms :     INITIAL         CURRENT         REQUIRED
	   residual            9.027778e-05    4.079686e-12    0.000000e+00 
	   energy              4.963948e-03    6.269800e-09    4.963948e-05 
	   displacement        5.094840e+00    4.501637e-04    5.110236e-06 
 3
 Nonlinear solution status: time= 0.1
	stiffness updates             = 2
	right hand side evaluations   = 4
	stiffness matrix reformations = 1
	step from line search         = 1.000000
	convergence norms :     INITIAL         CURRENT         REQUIRED
	   residual            9.027778e-05    1.385375e-10    0.000000e+00 
	   energy              4.963948e-03    5.355446e-09    4.963948e-05 
	   displacement        5.094840e+00    3.585706e-04    5.112630e-06 
 4
 Nonlinear solution status: time= 0.1
	stiffness updates             = 3
	right hand side evaluations   = 5
	stiffness matrix reformations = 1
	step from line search         = 1.000000
	convergence norms :     INITIAL         CURRENT         REQUIRED
	   residual            9.027778e-05    8.157950e-14    0.000000e+00 
	   energy              4.963948e-03    7.587304e-12    4.963948e-05 
	   displacement        5.094840e+00    6.782713e-05    5.110960e-06 
 5
 Nonlinear solution status: time= 0.1
	stiffness updates             = 4
	right hand side evaluations   = 7
	stiffness matrix reformations = 1
	step from line search         = 0.626339
	convergence norms :     INITIAL         CURRENT         REQUIRED
	   residual            9.027778e-05    1.120381e-14    0.000000e+00 
	   energy              4.963948e-03    2.460727e-13    4.963948e-05 
	   displacement        5.094840e+00    4.029920e-08    5.110972e-06 

convergence summary
    number of iterations   : 5
    number of reformations : 1

------- converged at time : 0.1


===== beginning time step 2 : 0.2 =====

Setting parameter "SurfaceTraction1.scale" to : 0.2

Reforming stiffness matrix: reformation #1

 1
 Nonlinear solution status: time= 0.2
	stiffness updates             = 0
	right hand side evaluations   = 2
	stiffness matrix reformations = 1
	step from line search         = 1.000000
	convergence norms :     INITIAL         CURRENT         REQUIRED
	   residual            8.920359e-05    1.761377e-08    0.000000e+00 
	   energy              4.980238e-03    2.239018e-05    4.980238e-05 
	   displacement        5.188951e+00    5.188951e+00    5.188951e-06 
 2
 Nonlinear solution status: time= 0.2
	stiffness updates             = 1
	right hand side evaluations   = 3
	stiffness matrix reformations = 1
	step from line search         = 1.000000
	convergence norms :     INITIAL         CURRENT         REQUIRED
	   residual            8.920359e-05    1.151771e-12    0.000000e+00 
	   energy              4.980238e-03    1.313330e-09    4.980238e-05 
	   displacement        5.188951e+00    1.125310e-04    5.142375e-06 
 3
 Nonlinear solution status: time= 0.2
	stiffness updates             = 2
	right hand side evaluations   = 4
	stiffness matrix reformations = 1
	step from line search         = 1.000000
	convergence norms :     INITIAL         CURRENT         REQUIRED
	   residual            8.920359e-05    1.054622e-14    0.000000e+00 
	   energy              4.980238e-03    1.707272e-11    4.980238e-05 
	   displacement        5.188951e+00    1.222965e-06    5.142776e-06 

convergence summary
    number of iterations   : 3
    number of reformations : 1

------- converged at time : 0.2


===== beginning time step 3 : 0.3 =====

Setting parameter "SurfaceTraction1.scale" to : 0.3

Reforming stiffness matrix: reformation #1

 1
 Nonlinear solution status: time= 0.3
	stiffness updates             = 0
	right hand side evaluations   = 2
	stiffness matrix reformations = 1
	step from line search         = 1.000000
	convergence norms :     INITIAL         CURRENT         REQUIRED
	   residual            8.814601e-05    2.381367e-08    0.000000e+00 
	   energy              4.995661e-03    5.294795e-05    4.995661e-05 
	   displacement        5.283118e+00    5.283118e+00    5.283118e-06 
 2
 Nonlinear solution status: time= 0.3
	stiffness updates             = 1
	right hand side evaluations   = 3
	stiffness matrix reformations = 1
	step from line search         = 1.000000
	convergence norms :     INITIAL         CURRENT         REQUIRED
	   residual            8.814601e-05    3.217545e-12    0.000000e+00 
	   energy              4.995661e-03    2.037872e-09    4.995661e-05 
	   displacement        5.283118e+00    5.842167e-04    5.172701e-06 
 3
 Nonlinear solution status: time= 0.3
	stiffness updates             = 2
	right hand side evaluations   = 4
	stiffness matrix reformations = 1
	step from line search         = 1.000000
	convergence norms :     INITIAL         CURRENT         REQUIRED
	   residual            8.814601e-05    2.662086e-16    0.000000e+00 
	   energy              4.995661e-03    4.725636e-13    4.995661e-05 
	   displacement        5.283118e+00    3.648012e-08    5.172973e-06 

convergence summary
    number of iterations   : 3
    number of reformations : 1

------- converged at time : 0.3


===== beginning time step 4 : 0.4 =====

Setting parameter "SurfaceTraction1.scale" to : 0.4

Reforming stiffness matrix: reformation #1

 1
 Nonlinear solution status: time= 0.4
	stiffness updates             = 0
	right hand side evaluations   = 2
	stiffness matrix reformations = 1
	step from line search         = 1.000000
	convergence norms :     INITIAL         CURRENT         REQUIRED
	   residual            8.710557e-05    3.640406e-08    0.000000e+00 
	   energy              5.010193e-03    8.376007e-05    5.010193e-05 
	   displacement        5.376806e+00    5.376806e+00    5.376806e-06 
 2
 Nonlinear solution status: time= 0.4
	stiffness updates             = 1
	right hand side evaluations   = 3
	stiffness matrix reformations = 1
	step from line search         = 1.000000
	convergence norms :     INITIAL         CURRENT         REQUIRED
	   residual            8.710557e-05    6.525148e-12    0.000000e+00 
	   energy              5.010193e-03    2.175220e-09    5.010193e-05 
	   displacement        5.376806e+00    1.457219e-03    5.201273e-06 
 3
 Nonlinear solution status: time= 0.4
	stiffness updates             = 2
	right hand side evaluations   = 4
	stiffness matrix reformations = 1
	step from line search         = 1.000000
	convergence norms :     INITIAL         CURRENT         REQUIRED
	   residual            8.710557e-05    5.153647e-16    0.000000e+00 
	   energy              5.010193e-03    2.768251e-13    5.010193e-05 
	   displacement        5.376806e+00    9.368747e-09    5.201430e-06 

convergence summary
    number of iterations   : 3
    number of reformations : 1

------- converged at time : 0.4


===== beginning time step 5 : 0.5 =====

Setting parameter "SurfaceTraction1.scale" to : 0.5

Reforming stiffness matrix: reformation #1

 1
 Nonlinear solution status: time= 0.5
	stiffness updates             = 0
	right hand side evaluations   = 2
	stiffness matrix reformations = 1
	step from line search         = 1.000000
	convergence norms :     INITIAL         CURRENT         REQUIRED
	   residual            8.608218e-05    5.520031e-08    0.000000e+00 
	   energy              5.023869e-03    1.147969e-04    5.023869e-05 
	   displacement        5.469932e+00    5.469932e+00    5.469932e-06 
 2
 Nonlinear solution status: time= 0.5
	stiffness updates             = 1
	right hand side evaluations   = 3
	stiffness matrix reformations = 1
	step from line search         = 1.000000
	convergence norms :     INITIAL         CURRENT         REQUIRED
	   residual            8.608218e-05    1.095399e-11    0.000000e+00 
	   energy              5.023869e-03    1.790294e-09    5.023869e-05 
	   displacement        5.469932e+00    2.733794e-03    5.228117e-06 
 3
 Nonlinear solution status: time= 0.5
	stiffness updates             = 2
	right hand side evaluations   = 4
	stiffness matrix reformations = 1
	step from line search         = 1.000000
	convergence norms :     INITIAL         CURRENT         REQUIRED
	   residual            8.608218e-05    1.349013e-15    0.000000e+00 
	   energy              5.023869e-03    1.947463e-13    5.023869e-05 
	   displacement        5.469932e+00    2.930389e-09    5.228173e-06 

convergence summary
    number of iterations   : 3
    number of reformations : 1

------- converged at time : 0.5


===== beginning time step 6 : 0.6 =====

Setting parameter "SurfaceTraction1.scale" to : 0.6

Reforming stiffness matrix: reformation #1

 1
 Nonlinear solution status: time= 0.6
	stiffness updates             = 0
	right hand side evaluations   = 2
	stiffness matrix reformations = 1
	step from line search         = 1.000000
	convergence norms :     INITIAL         CURRENT         REQUIRED
	   residual            8.507552e-05    8.001025e-08    0.000000e+00 
	   energy              5.036682e-03    1.460282e-04    5.036682e-05 
	   displacement        5.562412e+00    5.562412e+00    5.562412e-06 
 2
 Nonlinear solution status: time= 0.6
	stiffness updates             = 1
	right hand side evaluations   = 3
	stiffness matrix reformations = 1
	step from line search         = 1.000000
	convergence norms :     INITIAL         CURRENT         REQUIRED
	   residual            8.507552e-05    1.641368e-11    0.000000e+00 
	   energy              5.036682e-03    1.003635e-09    5.036682e-05 
	   displacement        5.562412e+00    4.420286e-03    5.253239e-06 
 3
 Nonlinear solution status: time= 0.6
	stiffness updates             = 2
	right hand side evaluations   = 4
	stiffness matrix reformations = 1
	step from line search         = 1.000000
	convergence norms :     INITIAL         CURRENT         REQUIRED
	   residual            8.507552e-05    2.908205e-15    0.000000e+00 
	   energy              5.036682e-03    3.629973e-14    5.036682e-05 
	   displacement        5.562412e+00    1.528831e-09    5.253206e-06 

convergence summary
    number of iterations   : 3
    number of reformations : 1

------- converged at time : 0.6


===== beginning time step 7 : 0.7 =====

Setting parameter "SurfaceTraction1.scale" to : 0.7

Reforming stiffness matrix: reformation #1

 1
 Nonlinear solution status: time= 0.7
	stiffness updates             = 0
	right hand side evaluations   = 2
	stiffness matrix reformations = 1
	step from line search         = 1.000000
	convergence norms :     INITIAL         CURRENT         REQUIRED
	   residual            8.408538e-05    1.106360e-07    0.000000e+00 
	   energy              5.048636e-03    1.774239e-04    5.048636e-05 
	   displacement        5.654174e+00    5.654174e+00    5.654174e-06 
 2
 Nonlinear solution status: time= 0.7
	stiffness updates             = 1
	right hand side evaluations   = 3
	stiffness matrix reformations = 1
	step from line search         = 1.000000
	convergence norms :     INITIAL         CURRENT         REQUIRED
	   residual            8.408538e-05    2.281492e-11    0.000000e+00 
	   energy              5.048636e-03    6.867672e-11    5.048636e-05 
	   displacement        5.654174e+00    6.521623e-03    5.276652e-06 
 3
 Nonlinear solution status: time= 0.7
	stiffness updates             = 2
	right hand side evaluations   = 4
	stiffness matrix reformations = 1
	step from line search         = 1.000000
	convergence norms :     INITIAL         CURRENT         REQUIRED
	   residual            8.408538e-05    5.444078e-15    0.000000e+00 
	   energy              5.048636e-03    2.317857e-13    5.048636e-05 
	   displacement        5.654174e+00    1.626508e-09    5.276544e-06 

convergence summary
    number of iterations   : 3
    number of reformations : 1

------- converged at time : 0.7


===== beginning time step 8 : 0.8 =====

Setting parameter "SurfaceTraction1.scale" to : 0.8

Reforming stiffness matrix: reformation #1

 1
 Nonlinear solution status: time= 0.8
	stiffness updates             = 0
	right hand side evaluations   = 2
	stiffness matrix reformations = 1
	step from line search         = 1.000000
	convergence norms :     INITIAL         CURRENT         REQUIRED
	   residual            8.311157e-05    1.468745e-07    0.000000e+00 
	   energy              5.059738e-03    2.089542e-04    5.059738e-05 
	   displacement        5.745153e+00    5.745153e+00    5.745153e-06 
 2
 Nonlinear solution status: time= 0.8
	stiffness updates             = 1
	right hand side evaluations   = 3
	stiffness matrix reformations = 1
	step from line search         = 1.000000
	convergence norms :     INITIAL         CURRENT         REQUIRED
	   residual            8.311157e-05    3.006977e-11    0.000000e+00 
	   energy              5.059738e-03    1.315894e-09    5.059738e-05 
	   displacement        5.745153e+00    9.041320e-03    5.298379e-06 
 3
 Nonlinear solution status: time= 0.8
	stiffness updates             = 2
	right hand side evaluations   = 4
	stiffness matrix reformations = 1
	step from line search         = 1.000000
	convergence norms :     INITIAL         CURRENT         REQUIRED
	   residual            8.311157e-05    9.241509e-15    0.000000e+00 
	   energy              5.059738e-03    6.055124e-13    5.059738e-05 
	   displacement        5.745153e+00    2.334284e-09    5.298207e-06 

convergence summary
    number of iterations   : 3
    number of reformations : 1

------- converged at time : 0.8


===== beginning time step 9 : 0.9 =====

Setting parameter "SurfaceTraction1.scale" to : 0.9

Reforming stiffness matrix: reformation #1

 1
 Nonlinear solution status: time= 0.9
	stiffness updates             = 0
	right hand side evaluations   = 2
	stiffness matrix reformations = 1
	step from line search         = 1.000000
	convergence norms :     INITIAL         CURRENT         REQUIRED
	   residual            8.215387e-05    1.885187e-07    0.000000e+00 
	   energy              5.069996e-03    2.405898e-04    5.069996e-05 
	   displacement        5.835282e+00    5.835282e+00    5.835282e-06 
 2
 Nonlinear solution status: time= 0.9
	stiffness updates             = 1
	right hand side evaluations   = 3
	stiffness matrix reformations = 1
	step from line search         = 1.000000
	convergence norms :     INITIAL         CURRENT         REQUIRED
	   residual            8.215387e-05    3.809190e-11    0.000000e+00 
	   energy              5.069996e-03    2.633363e-09    5.069996e-05 
	   displacement        5.835282e+00    1.198147e-02    5.318440e-06 
 3
 Nonlinear solution status: time= 0.9
	stiffness updates             = 2
	right hand side evaluations   = 4
	stiffness matrix reformations = 1
	step from line search         = 1.000000
	convergence norms :     INITIAL         CURRENT         REQUIRED
	   residual            8.215387e-05    1.459920e-14    0.000000e+00 
	   energy              5.069996e-03    1.066849e-12    5.069996e-05 
	   displacement        5.835282e+00    3.262156e-09    5.318218e-06 

convergence summary
    number of iterations   : 3
    number of reformations : 1

------- converged at time : 0.9


===== beginning time step 10 : 1 =====

Setting parameter "SurfaceTraction1.scale" to : 1

Reforming stiffness matrix: reformation #1

 1
 Nonlinear solution status: time= 1
	stiffness updates             = 0
	right hand side evaluations   = 2
	stiffness matrix reformations = 1
	step from line search         = 1.000000
	convergence norms :     INITIAL         CURRENT         REQUIRED
	   residual            8.121209e-05    2.353579e-07    0.000000e+00 
	   energy              5.079416e-03    2.723016e-04    5.079416e-05 
	   displacement        5.924500e+00    5.924500e+00    5.924500e-06 
 2
 Nonlinear solution status: time= 1
	stiffness updates             = 1
	right hand side evaluations   = 3
	stiffness matrix reformations = 1
	step from line search         = 1.000000
	convergence norms :     INITIAL         CURRENT         REQUIRED
	   residual            8.121209e-05    4.679697e-11    0.000000e+00 
	   energy              5.079416e-03    3.922988e-09    5.079416e-05 
	   displacement        5.924500e+00    1.534276e-02    5.336862e-06 
 3
 Nonlinear solution status: time= 1
	stiffness updates             = 2
	right hand side evaluations   = 4
	stiffness matrix reformations = 1
	step from line search         = 1.000000
	convergence norms :     INITIAL         CURRENT         REQUIRED
	   residual            8.121209e-05    2.182049e-14    0.000000e+00 
	   energy              5.079416e-03    1.588045e-12    5.079416e-05 
	   displacement        5.924500e+00    4.181499e-09    5.336602e-06 

convergence summary
    number of iterations   : 3
    number of reformations : 1

------- converged at time : 1



 N O N L I N E A R   I T E R A T I O N   I N F O R M A T I O N

	Number of time steps completed .................... : 10

	Total number of equilibrium iterations ............ : 32

	Average number of equilibrium iterations .......... : 3.2

	Total number of right hand evaluations ............ : 43

	Total number of stiffness reformations ............ : 10


 L I N E A R   S O L V E R   S T A T S

	Total calls to linear solver ........ : 32

	Avg iterations per solve ............ : 1

	Time in linear solver: 0:00:03


 Elapsed time : 0:00:03

 T I M I N G   I N F O R M A T I O N

	Input time ...................... : 0:00:00 (0 sec)

	Initialization time ............. : 0:00:01 (1 sec)

	Solve time ...................... : 0:00:03 (3 sec)

	   IO-time (plot, dmp, data) .... : 0:00:00 (0 sec)

	   reforming stiffness .......... : 0:00:00 (0 sec)

	   evaluating stiffness ......... : 0:00:00 (0 sec)

	   evaluating residual .......... : 0:00:00 (0 sec)

	   model update ................. : 0:00:00 (0 sec)

	   QN updates ................... : 0:00:00 (0 sec)

	   time in linear solver ........ : 0:00:03 (3 sec)

	Total elapsed time .............. : 0:00:04 (4 sec)


 N O R M A L   T E R M I N A T I O N

